# JRE version: OpenJDK Runtime Environment (17.0.10+7) (build 17.0.10+7-Ubuntu-122.04.1)
# Java VM: OpenJDK 64-Bit Server VM (17.0.10+7-Ubuntu-122.04.1, mixed mode, emulated-client, sharing, tiered, compressed oops, compressed class ptrs, g1 gc, linux-amd64)
Heap:
 garbage-first heap   total 110592K, used 49915K [0x0000000707800000, 0x0000000800000000)
  region size 2048K, 8 young (16384K), 3 survivors (6144K)
 Metaspace       used 75356K, committed 75904K, reserved 1114112K
  class space    used 10963K, committed 11200K, reserved 1048576K
GC Heap History (20 events):
Event: 8,297 GC heap before
{Heap before GC invocations=6 (full 0):
 garbage-first heap   total 75776K, used 51119K [0x0000000707800000, 0x0000000800000000)
  region size 2048K, 21 young (43008K), 4 survivors (8192K)
 Metaspace       used 28798K, committed 29120K, reserved 1114112K
  class space    used 4070K, committed 4224K, reserved 1048576K
}
Event: 8,322 GC heap after
{Heap after GC invocations=7 (full 0):
 garbage-first heap   total 92160K, used 18454K [0x0000000707800000, 0x0000000800000000)
  region size 2048K, 3 young (6144K), 3 survivors (6144K)
 Metaspace       used 28798K, committed 29120K, reserved 1114112K
  class space    used 4070K, committed 4224K, reserved 1048576K
}
Event: 9,621 GC heap before
{Heap before GC invocations=7 (full 0):
 garbage-first heap   total 92160K, used 63510K [0x0000000707800000, 0x0000000800000000)
  region size 2048K, 25 young (51200K), 3 survivors (6144K)
 Metaspace       used 34720K, committed 35072K, reserved 1114112K
  class space    used 4936K, committed 5120K, reserved 1048576K
}
Event: 9,631 GC heap after
{Heap after GC invocations=8 (full 0):
 garbage-first heap   total 92160K, used 22095K [0x0000000707800000, 0x0000000800000000)
  region size 2048K, 3 young (6144K), 3 survivors (6144K)
 Metaspace       used 34720K, committed 35072K, reserved 1114112K
  class space    used 4936K, committed 5120K, reserved 1048576K
}
Event: 9,749 GC heap before
{Heap before GC invocations=8 (full 0):
 garbage-first heap   total 92160K, used 26191K [0x0000000707800000, 0x0000000800000000)
  region size 2048K, 6 young (12288K), 3 survivors (6144K)
 Metaspace       used 35861K, committed 36160K, reserved 1114112K
  class space    used 5068K, committed 5248K, reserved 1048576K
}
Event: 9,760 GC heap after
{Heap after GC invocations=9 (full 0):
 garbage-first heap   total 92160K, used 22721K [0x0000000707800000, 0x0000000800000000)
  region size 2048K, 3 young (6144K), 3 survivors (6144K)
 Metaspace       used 35861K, committed 36160K, reserved 1114112K
  class space    used 5068K, committed 5248K, reserved 1048576K
}
Event: 11,356 GC heap before
{Heap before GC invocations=10 (full 0):
 garbage-first heap   total 92160K, used 65729K [0x0000000707800000, 0x0000000800000000)
  region size 2048K, 24 young (49152K), 3 survivors (6144K)
 Metaspace       used 49122K, committed 49472K, reserved 1114112K
  class space    used 7057K, committed 7232K, reserved 1048576K
}
Event: 11,369 GC heap after
{Heap after GC invocations=11 (full 0):
 garbage-first heap   total 92160K, used 26406K [0x0000000707800000, 0x0000000800000000)
  region size 2048K, 3 young (6144K), 3 survivors (6144K)
 Metaspace       used 49122K, committed 49472K, reserved 1114112K
  class space    used 7057K, committed 7232K, reserved 1048576K
}
Event: 12,561 GC heap before
{Heap before GC invocations=12 (full 0):
 garbage-first heap   total 92160K, used 63270K [0x0000000707800000, 0x0000000800000000)
  region size 2048K, 22 young (45056K), 3 survivors (6144K)
 Metaspace       used 56243K, committed 56704K, reserved 1114112K
  class space    used 8174K, committed 8384K, reserved 1048576K
}
Event: 12,581 GC heap after
{Heap after GC invocations=13 (full 0):
 garbage-first heap   total 92160K, used 28411K [0x0000000707800000, 0x0000000800000000)
  region size 2048K, 2 young (4096K), 2 survivors (4096K)
 Metaspace       used 56243K, committed 56704K, reserved 1114112K
  class space    used 8174K, committed 8384K, reserved 1048576K
}
Event: 13,419 GC heap before
{Heap before GC invocations=13 (full 0):
 garbage-first heap   total 92160K, used 67323K [0x0000000707800000, 0x0000000800000000)
  region size 2048K, 21 young (43008K), 2 survivors (4096K)
 Metaspace       used 60737K, committed 61184K, reserved 1114112K
  class space    used 8799K, committed 9024K, reserved 1048576K
}
Event: 13,430 GC heap after
{Heap after GC invocations=14 (full 0):
 garbage-first heap   total 92160K, used 30237K [0x0000000707800000, 0x0000000800000000)
  region size 2048K, 2 young (4096K), 2 survivors (4096K)
 Metaspace       used 60737K, committed 61184K, reserved 1114112K
  class space    used 8799K, committed 9024K, reserved 1048576K
}
Event: 14,540 GC heap before
{Heap before GC invocations=14 (full 0):
 garbage-first heap   total 92160K, used 69149K [0x0000000707800000, 0x0000000800000000)
  region size 2048K, 21 young (43008K), 2 survivors (4096K)
 Metaspace       used 64210K, committed 64640K, reserved 1114112K
  class space    used 9274K, committed 9472K, reserved 1048576K
}
Event: 14,550 GC heap after
{Heap after GC invocations=15 (full 0):
 garbage-first heap   total 92160K, used 33455K [0x0000000707800000, 0x0000000800000000)
  region size 2048K, 3 young (6144K), 3 survivors (6144K)
 Metaspace       used 64210K, committed 64640K, reserved 1114112K
  class space    used 9274K, committed 9472K, reserved 1048576K
}
Event: 15,647 GC heap before
{Heap before GC invocations=15 (full 0):
 garbage-first heap   total 92160K, used 70319K [0x0000000707800000, 0x0000000800000000)
  region size 2048K, 21 young (43008K), 3 survivors (6144K)
 Metaspace       used 69538K, committed 69952K, reserved 1114112K
  class space    used 10028K, committed 10240K, reserved 1048576K
}
Event: 15,661 GC heap after
{Heap after GC invocations=16 (full 0):
 garbage-first heap   total 92160K, used 36718K [0x0000000707800000, 0x0000000800000000)
  region size 2048K, 2 young (4096K), 2 survivors (4096K)
 Metaspace       used 69538K, committed 69952K, reserved 1114112K
  class space    used 10028K, committed 10240K, reserved 1048576K
}
Event: 16,477 GC heap before
{Heap before GC invocations=16 (full 0):
 garbage-first heap   total 92160K, used 69486K [0x0000000707800000, 0x0000000800000000)
  region size 2048K, 18 young (36864K), 2 survivors (4096K)
 Metaspace       used 72311K, committed 72832K, reserved 1114112K
  class space    used 10498K, committed 10752K, reserved 1048576K
}
Event: 16,492 GC heap after
{Heap after GC invocations=17 (full 0):
 garbage-first heap   total 110592K, used 38951K [0x0000000707800000, 0x0000000800000000)
  region size 2048K, 3 young (6144K), 3 survivors (6144K)
 Metaspace       used 72311K, committed 72832K, reserved 1114112K
  class space    used 10498K, committed 10752K, reserved 1048576K
}
Event: 208,653 GC heap before
{Heap before GC invocations=17 (full 0):
 garbage-first heap   total 110592K, used 81959K [0x0000000707800000, 0x0000000800000000)
  region size 2048K, 25 young (51200K), 3 survivors (6144K)
 Metaspace       used 75308K, committed 75840K, reserved 1114112K
  class space    used 10955K, committed 11200K, reserved 1048576K
}
Event: 208,686 GC heap after
{Heap after GC invocations=18 (full 0):
 garbage-first heap   total 110592K, used 41517K [0x0000000707800000, 0x0000000800000000)
  region size 2048K, 3 young (6144K), 3 survivors (6144K)
 Metaspace       used 75308K, committed 75840K, reserved 1114112K
  class space    used 10955K, committed 11200K, reserved 1048576K
}

